2016-10-03 11:04:59,151 [Worker-3] INFO  c.g.t.t.d.PublishedGradleVersions - Gradle version information cache is not available. Remote download required.
2016-10-04 10:55:14,385 [Worker-0] INFO  c.g.t.t.d.PublishedGradleVersions - Gradle version information cache is up-to-date. Trying to read.
2016-10-04 11:13:23,393 [Worker-2] INFO  c.g.t.t.d.PublishedGradleVersions - Gradle version information cache is out-of-date. Trying to update.
2016-10-04 11:20:59,700 [Worker-0] INFO  c.g.t.t.d.PublishedGradleVersions - Gradle version information cache is up-to-date. Trying to read.
2016-10-04 11:28:40,017 [Worker-0] INFO  c.g.t.t.d.PublishedGradleVersions - Gradle version information cache is up-to-date. Trying to read.
2016-10-04 11:34:12,718 [Worker-3] INFO  c.g.t.t.d.PublishedGradleVersions - Gradle version information cache is up-to-date. Trying to read.
2016-10-04 11:37:52,814 [Worker-0] INFO  c.g.t.t.d.PublishedGradleVersions - Gradle version information cache is up-to-date. Trying to read.
2016-10-25 10:26:37,199 [Worker-2] INFO  c.g.t.t.d.PublishedGradleVersions - Gradle version information cache is out-of-date. Trying to update.
2016-11-22 14:29:37,575 [Worker-1] INFO  c.g.t.t.d.PublishedGradleVersions - Gradle version information cache is out-of-date. Trying to update.
2016-11-22 14:33:23,096 [Thread-8] ERROR org.eclipse.jgit.util.FS - fatal: Could not switch to '/Library/Developer/CommandLineTools/usr/etc/': No such file or directory

2016-12-06 13:40:42,240 [Worker-0] INFO  c.g.t.t.d.PublishedGradleVersions - Gradle version information cache is out-of-date. Trying to update.
2016-12-06 13:40:42,909 [Thread-7] ERROR org.eclipse.jgit.util.FS - fatal: Could not switch to '/Library/Developer/CommandLineTools/usr/etc/': No such file or directory

2016-12-14 08:39:05,502 [Worker-2] INFO  c.g.t.t.d.PublishedGradleVersions - Gradle version information cache is out-of-date. Trying to update.
2016-12-14 08:39:06,779 [Thread-8] ERROR org.eclipse.jgit.util.FS - fatal: Could not switch to '/Library/Developer/CommandLineTools/usr/etc/': No such file or directory

2016-12-14 08:39:16,924 [Worker-2] INFO  c.g.t.t.d.PublishedGradleVersions - Updating Gradle version information cache failed. Using outdated cache.
2016-12-22 03:14:53,071 [Worker-1] INFO  c.g.t.t.d.PublishedGradleVersions - Gradle version information cache is out-of-date. Trying to update.
2016-12-22 03:14:54,645 [Thread-12] ERROR org.eclipse.jgit.util.FS - fatal: Could not switch to '/Library/Developer/CommandLineTools/usr/etc/': No such file or directory

2017-02-28 11:22:03,883 [Thread-9] ERROR org.eclipse.jgit.util.FS - fatal: Could not switch to '/Library/Developer/CommandLineTools/usr/etc/': No such file or directory

2017-02-28 11:22:06,514 [Worker-1] INFO  c.g.t.t.d.PublishedGradleVersions - Gradle version information cache is out-of-date. Trying to update.
2017-03-13 09:21:58,480 [Worker-1] INFO  c.g.t.t.d.PublishedGradleVersions - Gradle version information cache is out-of-date. Trying to update.
2017-03-13 09:21:58,718 [Thread-9] ERROR org.eclipse.jgit.util.FS - fatal: Could not switch to '/Library/Developer/CommandLineTools/usr/etc/': No such file or directory

2017-03-20 08:37:42,668 [Thread-8] ERROR org.eclipse.jgit.util.FS - fatal: Could not switch to '/Library/Developer/CommandLineTools/usr/etc/': No such file or directory

2017-03-20 08:37:44,465 [Worker-0] INFO  c.g.t.t.d.PublishedGradleVersions - Gradle version information cache is out-of-date. Trying to update.
2017-03-27 09:22:47,235 [Worker-3] INFO  c.g.t.t.d.PublishedGradleVersions - Gradle version information cache is out-of-date. Trying to update.
2017-03-27 09:22:48,996 [Thread-9] ERROR org.eclipse.jgit.util.FS - fatal: Could not switch to '/Library/Developer/CommandLineTools/usr/etc/': No such file or directory

2017-03-27 14:04:06,887 [Thread-7] ERROR org.eclipse.jgit.util.FS - fatal: Could not switch to '/Library/Developer/CommandLineTools/usr/etc/': No such file or directory

2017-03-27 14:04:08,031 [Worker-0] INFO  c.g.t.t.d.PublishedGradleVersions - Gradle version information cache is up-to-date. Trying to read.
2017-04-10 17:24:28,185 [Thread-7] ERROR org.eclipse.jgit.util.FS - fatal: Could not switch to '/Library/Developer/CommandLineTools/usr/etc/': No such file or directory

2017-04-10 17:24:29,190 [Worker-1] INFO  c.g.t.t.d.PublishedGradleVersions - Gradle version information cache is out-of-date. Trying to update.
2017-04-11 17:31:53,349 [Thread-8] ERROR org.eclipse.jgit.util.FS - fatal: Could not switch to '/Library/Developer/CommandLineTools/usr/etc/': No such file or directory

2017-04-11 17:31:54,165 [Worker-1] INFO  c.g.t.t.d.PublishedGradleVersions - Gradle version information cache is out-of-date. Trying to update.
2017-04-13 17:34:59,236 [Worker-1] INFO  c.g.t.t.d.PublishedGradleVersions - Gradle version information cache is out-of-date. Trying to update.
2017-04-13 17:35:00,863 [Thread-9] ERROR org.eclipse.jgit.util.FS - fatal: Could not switch to '/Library/Developer/CommandLineTools/usr/etc/': No such file or directory

2017-09-29 11:06:28,043 [Worker-3] INFO  c.g.t.t.d.PublishedGradleVersions - Gradle version information cache is out-of-date. Trying to update.
2017-09-29 13:48:16,341 [Worker-1] INFO  c.g.t.t.d.PublishedGradleVersions - Gradle version information cache is up-to-date. Trying to read.
2017-09-29 13:50:14,819 [Worker-2] INFO  c.g.t.t.d.PublishedGradleVersions - Gradle version information cache is up-to-date. Trying to read.
